<?xml version="1.0" encoding="UTF-8"?>
<!-- Generated by org.testng.reporters.JUnitReportReporter -->
<testsuite hostname="Hal" name="com.PrideTests.LoginTest" tests="1" failures="0" timestamp="23 Sep 2016 19:55:41 GMT" time="3.150" errors="0">
  <testcase name="verifyLogin" time="3.150" classname="com.PrideTests.LoginTest"/>
</testsuite> <!-- com.PrideTests.LoginTest -->
