<?xml version="1.0" encoding="UTF-8"?>
<!-- Generated by org.testng.reporters.JUnitReportReporter -->
<testsuite hostname="Hal" name="com.PrideViewTests.LoginAndLogoutTest" tests="2" failures="0" timestamp="21 Aug 2017 22:08:34 GMT" time="5.998" errors="0">
  <testcase name="verifyLogout" time="2.779" classname="com.PrideViewTests.LoginAndLogoutTest"/>
  <testcase name="verifyLogin" time="3.219" classname="com.PrideViewTests.LoginAndLogoutTest"/>
</testsuite> <!-- com.PrideViewTests.LoginAndLogoutTest -->
