<?xml version="1.0" encoding="UTF-8"?>
<!-- Generated by org.testng.reporters.JUnitReportReporter -->
<testsuite hostname="Hal" name="com.PrideViewTests.SampleTests" tests="2" failures="0" timestamp="26 Sep 2017 19:05:47 GMT" time="17.402" errors="0">
  <testcase name="validLogin" time="4.055" classname="com.PrideViewTests.SampleTests"/>
  <testcase name="runProcedure" time="13.347" classname="com.PrideViewTests.SampleTests"/>
</testsuite> <!-- com.PrideViewTests.SampleTests -->
