<?xml version="1.0" encoding="UTF-8"?>
<!-- Generated by org.testng.reporters.JUnitReportReporter -->
<testsuite hostname="Hal" name="com.PrideViewTests.LoginTest" tests="2" failures="0" timestamp="26 Sep 2016 20:50:05 GMT" time="6.699" errors="0">
  <testcase name="verifyLogin" time="3.930" classname="com.PrideViewTests.LoginTest"/>
  <testcase name="verifyLogout" time="2.769" classname="com.PrideViewTests.LoginTest"/>
</testsuite> <!-- com.PrideViewTests.LoginTest -->
