<?xml version="1.0" encoding="UTF-8"?>
<!-- Generated by org.testng.reporters.JUnitReportReporter -->
<testsuite hostname="Hal" name="com.PrideViewTests.SampleTests" tests="2" failures="0" timestamp="21 Oct 2017 20:58:31 GMT" time="11.131" errors="0">
  <testcase name="validLogin" time="3.396" classname="com.PrideViewTests.SampleTests"/>
  <testcase name="runProcedure" time="7.735" classname="com.PrideViewTests.SampleTests"/>
</testsuite> <!-- com.PrideViewTests.SampleTests -->
